
                       * * * * * * * * * * * * * * * * * * * *
                       * * * * * * * * * * * * * * * * * * * *
                       * *                                 * *
                       * *           AERODYNAMICS          * *
                       * *            AERO 490             * *
                       * *                                 * *
                       * *       Concordia University      * *
                       * *                                 * *
                       * *                                 * *
                       * *                                 * *
                       * *          Version 1.0            * *
                       * *                                 * *
                       * *              Intel              * *
                       * *         Windows 11 Home         * *
                       * *                                 * *
                       * * * * * * * * * * * * * * * * * * * *
                       * * * * * * * * * * * * * * * * * * * *


The results were published on: 

2023-10-28 16:19:18

Previous versions can be found in the following location: 
https://liveconcordia.sharepoint.com/:f:/t/AERO490202324/Ev6V_0j9dvFLsV9PbjnZvS8BWuxUoxde4P9i4jQYlF001g?e=FL1wcD

